2026-06-02 15:16:09 [INFO] mi_band_hr: 应用启动
2026-06-02 15:16:09 [DEBUG] config: 已加载配置: D:\mi-band-hr\hr_zones.json
2026-06-02 15:16:09 [INFO] config: 从配置文件加载了 6 个心率区间
2026-06-02 15:16:09 [DEBUG] config: 已加载配置: D:\mi-band-hr\hr_zones.json
2026-06-02 15:16:09 [INFO] overlay_qt: 创建悬浮窗 (240x160)
2026-06-02 15:16:10 [INFO] mi_band_hr: 悬浮窗已显示
2026-06-02 15:16:10 [DEBUG] asyncio: Using proactor: IocpProactor
2026-06-02 15:16:10 [INFO] mi_band_hr: BLE 后台线程已启动
2026-06-02 15:16:10 [DEBUG] config: 已加载配置: D:\mi-band-hr\hr_zones.json
2026-06-02 15:16:10 [INFO] config: 目标设备名: Xiaomi Smart Band 10 Pro
2026-06-02 15:16:10 [DEBUG] ble_core: 当前目标设备: 'Xiaomi Smart Band 10 Pro'
2026-06-02 15:16:10 [DEBUG] ble_core: 开始 BLE 扫描 (timeout=5s)
2026-06-02 15:16:10 [DEBUG] bleak.backends.winrt.scanner: Received 63:25:33:2C:AD:D5: .
2026-06-02 15:16:10 [DEBUG] bleak.backends.winrt.scanner: Received 63:25:33:2C:AD:D5: .
2026-06-02 15:16:11 [DEBUG] bleak.backends.winrt.scanner: Received F1:44:9F:18:B6:36: Xiaomi 5B9F.
2026-06-02 15:16:11 [DEBUG] bleak.backends.winrt.scanner: Received F1:44:9F:18:B6:36: Xiaomi Smart Band 10 Pro 5B9F.
2026-06-02 15:16:11 [DEBUG] bleak.backends.winrt.scanner: Received 63:25:33:2C:AD:D5: .
2026-06-02 15:16:11 [DEBUG] bleak.backends.winrt.scanner: Received 63:25:33:2C:AD:D5: .
2026-06-02 15:16:11 [DEBUG] bleak.backends.winrt.scanner: Received F1:44:9F:18:B6:36: Xiaomi 5B9F.
2026-06-02 15:16:11 [DEBUG] bleak.backends.winrt.scanner: Received F1:44:9F:18:B6:36: Xiaomi Smart Band 10 Pro 5B9F.
2026-06-02 15:16:12 [DEBUG] bleak.backends.winrt.scanner: Received F1:44:9F:18:B6:36: Xiaomi 5B9F.
2026-06-02 15:16:12 [DEBUG] bleak.backends.winrt.scanner: Received F1:44:9F:18:B6:36: Xiaomi Smart Band 10 Pro 5B9F.
2026-06-02 15:16:13 [DEBUG] bleak.backends.winrt.scanner: Received F1:44:9F:18:B6:36: Xiaomi 5B9F.
2026-06-02 15:16:13 [DEBUG] bleak.backends.winrt.scanner: Received F1:44:9F:18:B6:36: Xiaomi Smart Band 10 Pro 5B9F.
2026-06-02 15:16:13 [DEBUG] bleak.backends.winrt.scanner: Received F1:44:9F:18:B6:36: Xiaomi 5B9F.
2026-06-02 15:16:13 [DEBUG] bleak.backends.winrt.scanner: Received F1:44:9F:18:B6:36: Xiaomi Smart Band 10 Pro 5B9F.
2026-06-02 15:16:15 [DEBUG] bleak.backends.winrt.scanner: Received F1:44:9F:18:B6:36: Xiaomi 5B9F.
2026-06-02 15:16:15 [DEBUG] bleak.backends.winrt.scanner: Received F1:44:9F:18:B6:36: Xiaomi Smart Band 10 Pro 5B9F.
2026-06-02 15:16:15 [DEBUG] bleak.backends.winrt.scanner: 2 devices found. Watcher status: <BluetoothLEAdvertisementWatcherStatus.STOPPED: 3>.
2026-06-02 15:16:15 [DEBUG] ble_core: 扫描到 2 个设备
2026-06-02 15:16:15 [INFO] ble_core: 按名称匹配到设备: Xiaomi Smart Band 10 Pro 5B9F (F1:44:9F:18:B6:36)
2026-06-02 15:16:15 [DEBUG] bleak.backends.winrt.scanner: Received F1:44:9F:18:B6:36: Xiaomi 5B9F.
2026-06-02 15:16:15 [DEBUG] bleak.backends.winrt.scanner: 1 devices found. Watcher status: <BluetoothLEAdvertisementWatcherStatus.STOPPED: 3>.
2026-06-02 15:16:15 [DEBUG] bleak.backends.winrt.scanner: Received F1:44:9F:18:B6:36: Xiaomi Smart Band 10 Pro 5B9F.
2026-06-02 15:16:15 [DEBUG] bleak.backends.winrt.client: Connecting to BLE device @ F1:44:9F:18:B6:36
2026-06-02 15:16:15 [DEBUG] bleak.backends.winrt.client: getting services (service_cache_mode=None, cache_mode=None)...
2026-06-02 15:16:16 [DEBUG] bleak.backends.winrt.client: session_status_changed_event_handler: id: BluetoothLE#BluetoothLEf4:26:79:31:a4:5b-f1:44:9f:18:b6:36, error: <BluetoothError.SUCCESS: 0>, status: <GattSessionStatus.ACTIVE: 1>
2026-06-02 15:16:16 [DEBUG] bleak.backends.winrt.client: max_pdu_size_changed_handler: 517
2026-06-02 15:16:18 [DEBUG] bleak.backends.winrt.client: F1:44:9F:18:B6:36: services changed
2026-06-02 15:16:18 [DEBUG] bleak.backends.winrt.client: F1:44:9F:18:B6:36: services changed
2026-06-02 15:16:18 [DEBUG] bleak.backends.winrt.client: F1:44:9F:18:B6:36: services changed
2026-06-02 15:16:18 [DEBUG] bleak.backends.winrt.client: F1:44:9F:18:B6:36: services changed
2026-06-02 15:16:18 [DEBUG] bleak.backends.winrt.client: F1:44:9F:18:B6:36: services changed
2026-06-02 15:16:18 [DEBUG] bleak.backends.winrt.client: F1:44:9F:18:B6:36: services changed
2026-06-02 15:16:18 [DEBUG] bleak.backends.winrt.client: F1:44:9F:18:B6:36: services changed
2026-06-02 15:16:18 [DEBUG] bleak.backends.winrt.client: F1:44:9F:18:B6:36: services changed
2026-06-02 15:16:18 [DEBUG] bleak.backends.winrt.client: F1:44:9F:18:B6:36: services changed
2026-06-02 15:16:18 [DEBUG] bleak.backends.winrt.client: F1:44:9F:18:B6:36: services changed
2026-06-02 15:16:19 [DEBUG] bleak.backends.winrt.client: F1:44:9F:18:B6:36: services changed
2026-06-02 15:16:19 [DEBUG] bleak.backends.winrt.client: F1:44:9F:18:B6:36: services changed
2026-06-02 15:16:20 [DEBUG] bleak.backends.winrt.client: skipping service 00001812-0000-1000-8000-00805f9b34fb due to access denied
2026-06-02 15:16:22 [INFO] ble_core: 已连接: Xiaomi Smart Band 10 Pro 5B9F (F1:44:9F:18:B6:36)
